2015-03-14 22:17:35: urlrule weibo.com
2016-01-09 23:44:39: urlrule list 王丽仃
2016-01-09 23:44:58: urlrule list 王俪丁
2016-01-09 23:46:03: urlrule list 王俪丁
2016-01-10 02:04:30: urlrule list guoervictoria
2016-01-10 02:10:04: urlrule list u/5562778533
2016-01-10 02:10:12: urlrule list 5562778533
2016-01-11 20:24:26: urlrule list 5562778533
2016-01-11 20:24:33: urlrule list 5562778533 --hosts weibo.com
2016-01-11 20:24:41: urlrule list 5562778533 --hosts *
2016-01-11 20:24:51: urlrule list 唐馨baby
2016-01-11 20:26:46: urlrule list 唐馨baby
2016-01-11 20:26:57: urlrule list 唐馨baby
2016-01-11 20:27:57: urlrule list 唐馨baby
2016-01-11 20:41:07: urlrule list 唐馨baby
2016-01-11 20:41:13: urlrule grep 唐馨baby
2016-01-11 20:41:48: urlrule grep 唐馨baby
2016-01-11 20:42:16: urlrule grep 唐馨baby
2016-01-11 20:42:34: urlrule grep 唐馨baby
2016-01-11 20:42:55: urlrule grep 唐馨baby
2016-01-11 20:43:47: urlrule grep 唐馨baby
2016-01-11 20:44:42: urlrule grep 唐馨baby
2016-01-11 20:45:18: urlrule grep 唐馨baby
2016-01-11 20:45:57: urlrule grep 唐馨baby
2016-01-11 20:46:17: urlrule grep 唐馨baby
2016-01-11 20:46:27: urlrule grep 唐馨baby
2016-01-11 20:56:07: urlrule grep 唐馨baby
2016-01-11 20:57:45: urlrule grep 唐馨baby
2016-01-11 20:58:03: urlrule grep 唐馨baby
2016-01-11 20:58:22: urlrule grep 唐馨baby
2016-01-11 20:58:54: urlrule grep 唐馨baby
2016-01-11 20:59:01: urlrule grep 唐馨baby --hosts weibo.com
2016-01-11 20:59:05: urlrule grep 唐馨baby --hosts weibo.com --follow
2016-01-11 20:59:15: urlrule grep 唐馨baby --hosts weibo.com --follows
2016-01-11 20:59:17: urlrule grep 唐馨baby --hosts weibo.com --follow
2016-01-11 21:00:22: urlrule grep 唐馨baby --hosts weibo.com --follow
2016-01-11 21:00:31: urlrule grep 唐馨baby --hosts weibo.com --follow
2016-01-11 21:08:51: urlrule grep 唐馨baby --hosts weibo.com --follow
2016-01-11 21:09:24: urlrule grep 唐馨baby --hosts weibo.com --follow
2017-09-20 19:26:25: urlrule --hosts likes.weibo.com add http://weibo.com/u/3732815664
2017-09-20 19:26:39: urlrule --hosts likes.weibo.com add --url http://weibo.com/u/3732815664
2017-09-20 19:26:47: urlrule --hosts likes.weibo.com add --url http://weibo.com/u/3732815664
2017-09-20 19:27:13: urlrule add http://weibo.com/u/3732815664
2017-09-20 19:30:12: urlrule add http://weibo.com/u/3732815664 --host likes.weibo.com
2017-09-20 19:36:18: urlrule add http://weibo.com/u/3732815664 --host likes.weibo.com
2017-09-20 19:54:12: urlrule --host poster.weibo.com add http://weibo.com/u/2633824761
2017-09-23 03:25:59: urlrule --host weibo.com,poster.weibo.com,likes.weibo.com http://weibo.com/u/3085583527
2017-09-23 03:26:05: urlrule --host weibo.com,poster.weibo.com,likes.weibo.com add http://weibo.com/u/3085583527
2017-09-23 03:26:54: urlrule --host weibo.com,poster.weibo.com,likes.weibo.com add http://weibo.com/u/3085583527
2017-09-23 03:29:50: urlrule --host weibo.com,poster.weibo.com,likes.weibo.com add http://weibo.com/u/3085583527
2017-09-23 03:31:00: urlrule --host weibo.com,poster.weibo.com,likes.weibo.com add http://weibo.com/u/3085583527
2017-09-23 03:32:33: urlrule --host weibo.com,poster.weibo.com,likes.weibo.com add http://weibo.com/1146430453
2017-09-23 03:34:03: urlrule --host weibo.com,poster.weibo.com,likes.weibo.com add http://weibo.com/u/1110855203?is_hot=1&noscale_head=1#_0
