Fri Oct 22 00:49:58 2010: urlrule_database "delete" "Carre Otis" 
Fri Oct 22 00:50:46 2010: urlrule_database "Christina Hendricks" 
Fri Oct 22 00:50:49 2010: urlrule_database "Christina Hendricks" 
Fri Oct 22 01:02:33 2010: urlrule_database "delete" "Christina\ Hendricks,christina-hendricks.net:gallery:cat=0" 
Fri Oct 22 01:02:50 2010: urlrule_database "delete" "Christina\ Hendricks" "christina-hendricks.net:gallery:cat=0" 
Fri Oct 22 01:03:06 2010: urlrule_database "delete" "Christina Hendricks,christina-hendricks.net:gallery:cat=0" 
Fri Oct 22 01:04:11 2010: urlrule_database "add" "Christina Hendricks" "christina-hendricks.net:gallery:cat=2" "gallery.script.coppermime" "1" 
Fri Oct 22 01:04:16 2010: urlrule_database "add" "Christina Hendricks" "christina-hendricks.net:gallery:cat=5" "gallery.script.coppermime" "1" 
Fri Oct 22 01:04:45 2010: urlrule_database "delete" "Christina Hendricks,christina-hendricks.net:gallery:cat=2" 
Fri Oct 22 01:04:49 2010: urlrule_database "delete" "Christina Hendricks,christina-hendricks.net:gallery:cat=5" 
Fri Oct 22 01:04:55 2010: urlrule_database "add" "Christina Hendricks" "christina-hendricks.net:gallery:cat=2" "gallery.script.coppermime" 
Fri Oct 22 01:05:01 2010: urlrule_database "add" "Christina Hendricks" "christina-hendricks.net:gallery:cat=5" "gallery.script.coppermime" 
Fri Oct 22 01:05:05 2010: urlrule_database "add" "Christina Hendricks" "christina-hendricks.net:gallery:cat=13" "gallery.script.coppermime" 
Fri Oct 22 01:25:56 2010: urlrule_database "delete" "Christina Hendricks" "christina-hendricks.net:gallery:cat=13" 
Fri Oct 22 01:26:03 2010: urlrule_database "add" "Christina Hendricks" "christina-hendricks.net:gallery:cat=28" "gallery.script.coppermime" 
Fri Oct 22 01:27:16 2010: urlrule_database "delete" "Christina Hendricks" "/christina-hendricks.net:gallery:cat=\d+/" 
Fri Oct 22 01:27:23 2010: urlrule_database "delete" "Christina Hendricks,/christina-hendricks.net:gallery:cat=\d+/" 
Fri Oct 22 01:27:36 2010: urlrule_database "add" "Christina Hendricks" "christina-hendricks.net:gallery:cat=2" "gallery.script.coppermine" 
Fri Oct 22 01:27:40 2010: urlrule_database "add" "Christina Hendricks" "christina-hendricks.net:gallery:cat=5" "gallery.script.coppermine" 
Fri Oct 22 01:27:45 2010: urlrule_database "add" "Christina Hendricks" "christina-hendricks.net:gallery:cat=28" "gallery.script.coppermine" 
Fri Oct 22 01:52:39 2010: urlrule_database "add" "Kim Kardashian" "kimkardashianweb.com/gallery/index.php?cat=2" "CopperminePhotoGallery" 
Fri Oct 22 01:53:33 2010: urlrule_database "Kim Kardashian" 
Fri Oct 22 01:53:47 2010: urlrule_database "delete" "Kim Kardashian" "kimkardashianweb.com/gallery/index.php?cat=2" 
Fri Oct 22 01:53:49 2010: urlrule_database "Kim Kardashian" 
Fri Oct 22 01:54:46 2010: urlrule_database "Christina Hendricks" 
Fri Oct 22 01:55:30 2010: urlrule_database "add" "Kim Kardashian" "kimkardashianweb.com:gallery:cat=2" "gallery.script.coppermine" 
Fri Oct 22 01:55:37 2010: urlrule_database "Kim Kardashian" 
Fri Oct 22 01:56:13 2010: urlrule_database "add" "Kim Kardashian" "kimkardashianweb.com:gallery:cat=5" "gallery.script.coppermine" 
Fri Oct 22 01:56:18 2010: urlrule_database "add" "Kim Kardashian" "kimkardashianweb.com:gallery:cat=4" "gallery.script.coppermine" 
Fri Oct 22 01:56:22 2010: urlrule_database "add" "Kim Kardashian" "kimkardashianweb.com:gallery:cat=8" "gallery.script.coppermine" 
Fri Oct 22 01:57:01 2010: urlrule_database "delete" "Kim Kardashian,/.+/,CopperminePhotoGallery" 
Fri Oct 22 01:57:05 2010: urlrule_database "Kim Kardashian" 
Fri Oct 22 01:57:31 2010: urlrule_database "Kim Kardashian,/.+/,gallery.script.coppermine" 
Fri Oct 22 01:57:43 2010: urlrule_database "$3=gallery.script.coppermine" 
Fri Oct 22 02:36:05 2010: urlrule_database "Denise Milani" 
Fri Oct 22 02:36:32 2010: urlrule_database "add" "Denise Milani" "Denise+Milani" "search.celebscentral.net" 
Fri Oct 22 02:38:53 2010: urlrule_database "delete" "Jessica Jane Clement" 
Fri Oct 22 02:40:38 2010: urlrule_database "delete" "Katie Price" 
Fri Oct 22 02:42:08 2010: urlrule_database "delete" "Katy Perry" 
Fri Oct 22 02:42:15 2010: urlrule_database 
Fri Oct 22 02:42:36 2010: urlrule_database "Jordan Carver" 
Fri Oct 22 02:42:58 2010: urlrule_database "delete" "Jordan Carver" "Jordan Carver,jordan-carver,tags.skins.be" 
Fri Oct 22 02:43:05 2010: urlrule_database "delete" "Jordan Carver,jordan-carver,tags.skins.be" 
Fri Oct 22 02:43:42 2010: urlrule_database "add" "Jordan Carver" "jordan-carver" "tags.skins.be" 
Fri Oct 22 02:43:45 2010: urlrule_database "Jordan Carver" 
Fri Oct 22 02:43:56 2010: urlrule_database 
Fri Oct 22 02:44:21 2010: urlrule_database "/Jordan\ Carver.+/" 
Fri Oct 22 02:44:26 2010: urlrule_database "delete" "/Jordan\ Carver.+/" 
Fri Oct 22 02:44:30 2010: urlrule_database 
Fri Oct 22 02:44:39 2010: urlrule_database "delete" "Katy Perry" 
Fri Oct 22 02:46:36 2010: urlrule_database "delete" "Kymberly Jane" 
Fri Oct 22 02:46:55 2010: urlrule_database "delete" "Leah Donna Dizon" 
Fri Oct 22 02:47:32 2010: urlrule_database "delete" "Milla Jovovich" 
Fri Oct 22 02:48:44 2010: urlrule_database "delete" "Pandora Peaks" 
Fri Oct 22 02:49:20 2010: urlrule_database "delete" "Rachel Bilson" 
Fri Oct 22 02:50:02 2010: urlrule_database "delete" "Rachelle Leah" 
Fri Oct 22 02:51:43 2010: urlrule_database "delete" "Veronika Zemanova" 
Sat Oct 23 00:11:59 2010: urlrule_database "add" "Tiffany Taylor" "tiffany-taylor" "sweeboo.com" 
Sat Oct 23 00:53:28 2010: urlrule_database "add" "Erica Ellyson" "erica-ellyson" "coldcherry.com" 
Sat Oct 23 02:23:08 2010: urlrule_database 
Sat Oct 23 02:23:32 2010: urlrule_database "delete" "Denise Milani" 
Sat Oct 23 02:23:41 2010: urlrule_database 
Sun Oct 24 23:32:39 2010: urlrule_database "add" "周伟童" "zhouweitong" "photo.blog.sina.com.cn" 
Sun Oct 24 23:33:17 2010: urlrule_database "add" "周伟童" "23944" "5show.com" 
Sun Oct 24 23:35:04 2010: urlrule_database "delete" "周伟童" "zhouweitong" 
Sun Oct 24 23:35:11 2010: urlrule_database "add" "周伟童" "zhouweitong" "photo.blog.sina.com.cn" 
Sun Oct 24 23:44:26 2010: urlrule_database "add" "周伟童" "周伟童" "tupian.baidu.com" 
Tue Oct 26 01:46:52 2010: urlrule_database "add" "Abi Titmuss" "abi-titmuss" "mademan.com" 
Tue Oct 26 01:47:27 2010: urlrule_database "add" "Abi Titmuss" "Abi+Titmuss" "search.celebscentral.net" 
Tue Oct 26 01:47:46 2010: urlrule_database "add" "Abi Titmuss" "abititmuss" "celebies.com" 
Tue Oct 26 01:52:45 2010: urlrule_database "add" "Abi Titmuss" "abi-titmuss" "tags.skins.be" 
Tue Oct 26 01:53:56 2010: urlrule_database "add" "Abi Titmuss" "9-hq-celebrity-pictures/425-abi-titmuss" "forum.skins.be" 
Tue Nov  9 19:00:25 2010: urlrule_database 
Tue Nov  9 19:00:55 2010: urlrule_database "add" "蓝燕" "lanyanblog" "photo.blog.sina.com.cn" 
Tue Nov  9 19:32:07 2010: urlrule_database "add" "蓝燕" "蓝燕" "tieba.baidu.com" 
Tue Nov  9 19:32:53 2010: urlrule_database "add" "蓝燕" "蓝燕" "tupian.baidu.com" 
Tue Nov  9 19:35:31 2010: urlrule_database "add" "蓝燕" "147486" "pp.sohu.com" 
Tue Nov  9 19:35:59 2010: urlrule_database "add" "蓝燕" "lanyan1" "blog.sohu.com" 
Tue Nov  9 23:59:31 2010: urlrule_database "add" "蓝燕" "lanyanblog" "t.sina.com.cn" 
Wed Nov 10 00:02:04 2010: urlrule_database "add" "原紗央莉" "saorihara" "t.sina.com.cn" 
Wed Nov 10 00:06:36 2010: urlrule_database "add" "周韦彤" "zhouweitong" "t.sina.com.cn" 
Wed Nov 10 00:08:06 2010: urlrule_database "add" "宋姗姗" "songshanshan" "t.sina.com.cn" 
Wed Nov 10 00:11:40 2010: urlrule_database "add" "[张馨予]宋姗姗" "songshanshan" "t.sina.com.cn" 
Wed Nov 10 00:12:00 2010: urlrule_database "delete" "[张馨予]宋姗姗" 
Wed Nov 10 00:12:20 2010: urlrule_database "add" "张馨予" "1749964961" "t.sina.com.cn" 
Wed Nov 10 00:38:58 2010: urlrule_database "add" "原幹恵" "原幹恵 "Mikie Hara"" "google.search.image" 
Wed Nov 10 01:35:40 2010: urlrule_database "add" "瀬戸早妃" "瀬戸早妃 "Saki Seto"" "google.search.image" 
Fri Nov 12 01:01:22 2010: urlrule_database "add" "李秀郑" "이수정" "google.search.image" 
Fri Nov 12 01:01:39 2010: urlrule_database "add" "李秀郑" "LeeSooJeo" "cafe.daum.net" 
Fri Nov 12 01:03:10 2010: urlrule_database "delete" "李秀郑" "LeeSooJeo" 
Fri Nov 12 01:03:44 2010: urlrule_database "add" "李秀郑" "LeeSoojeong" "cafe.daum.net" 
Fri Nov 12 02:03:33 2010: urlrule_database 
Fri Nov 12 02:03:38 2010: urlrule_database 
Fri Nov 12 02:03:44 2010: urlrule_database "list" 
Fri Nov 12 02:03:50 2010: urlrule_database "read" 
Fri Nov 12 02:03:56 2010: urlrule_database "print" 
Fri Nov 12 02:04:01 2010: urlrule_database "plain" 
Fri Nov 12 02:18:26 2010: urlrule_database "add" "尹惠熙" "尹惠熙 김하율" "google.search.image" 
Fri Nov 12 02:18:48 2010: urlrule_database "delete" "尹惠熙" "尹惠熙 김하율" "google.search.image" 
Fri Nov 12 02:18:58 2010: urlrule_database "尹惠熙" 
Fri Nov 12 02:19:04 2010: urlrule_database "尹惠熙,/.+/" 
Fri Nov 12 02:19:10 2010: urlrule_database "query" "尹惠熙" 
Fri Nov 12 02:19:14 2010: urlrule_database "list" "尹惠熙" 
Fri Nov 12 02:19:18 2010: urlrule_database "read" "尹惠熙" 
Fri Nov 12 02:19:22 2010: urlrule_database "print" "尹惠熙" 
Fri Nov 12 02:19:58 2010: urlrule_database "query" "尹惠熙,/.+/" 
Fri Nov 12 02:20:01 2010: urlrule_database "query" "尹惠熙" "/.+/" 
Fri Nov 12 02:20:10 2010: urlrule_database "query" "/.+/" 
Fri Nov 12 02:20:43 2010: urlrule_database "delete" "尹惠熙" "尹惠熙 김하율 "Kim Ha Yul"" "google.search.image" 
Fri Nov 12 02:20:48 2010: urlrule_database "add" "尹惠熙" "尹惠熙 김하율 "Kim Ha Yul"" "google.search.image" 
Fri Nov 12 02:20:53 2010: urlrule_database "query" "尹惠熙,/.+/" 
Fri Nov 12 02:22:11 2010: urlrule_database "query" "/.+/,이지우" 
Fri Nov 12 02:22:20 2010: urlrule_database "query" "/.+/,/.*이지우.*/" 
Fri Nov 12 03:17:19 2010: urlrule_database "add" "尹惠熙" "modelhayul" "cafe.daum.net" 
Sat Nov 13 00:39:19 2010: urlrule_database "query" "尹惠熙" 
Sat Nov 13 01:01:24 2010: urlrule_database "add" "尹惠熙" "113" "hankyung" 
Sat Nov 13 01:04:24 2010: urlrule_database "query" "$2=63" 
Sat Nov 13 01:04:37 2010: urlrule_database "query" "$2=이선영" 
Sat Nov 13 01:04:46 2010: urlrule_database "query" "/.+/,/.+이선영.+/" 
Sat Nov 13 01:16:04 2010: urlrule_database "add" "林智慧" "58" "hankyung.com" 
Sat Nov 13 01:22:06 2010: urlrule_database "add" "黄美姬" "83" "hankyung.com" 
Sat Nov 13 01:23:15 2010: urlrule_database "add" "黄美姬" "racinghmh" "cafe.daum.net" 
Sat Nov 13 01:36:50 2010: urlrule_database "add" "KR.黄诗奈" "黄诗奈 황시내" "google.search.image" 
Sat Nov 13 01:37:19 2010: urlrule_database "add" "KR.黄诗奈" "84" "hankyung.com" 
Sat Nov 13 01:46:37 2010: urlrule_database "add" "KR.李彩恩" "李彩恩 이채은" "google.search.image" 
Sat Nov 13 01:46:49 2010: urlrule_database "add" "KR.李彩恩" "114" "hankyung.com" 
Sat Nov 13 01:48:32 2010: urlrule_database "add" "KR.李彩恩" "modelchaeeun" "cafe.daum.net" 
Sat Nov 13 01:54:11 2010: urlrule_database "add" "KR.尹善熙" "윤선희" "google.search.image" 
Sat Nov 13 01:54:58 2010: urlrule_database "add" "KR.尹善熙" "7pinksun" "cafe.daum.net" 
Sat Nov 13 01:55:31 2010: urlrule_database "add" "KR.尹善熙" "53" "hankyung.com" 
Sat Nov 13 02:20:30 2010: urlrule_database "add" "KR.郑周美" "68" "hankyung.com" 
Sat Nov 13 02:20:58 2010: urlrule_database "add" "KR.郑周美" "loveS2jjm" "cafe.daum.net" 
Sat Nov 13 02:36:06 2010: urlrule_database "add" "KR.池妍秀" "지연수 池妍秀 池娟秀" "google.search.image" 
Sat Nov 13 02:36:56 2010: urlrule_database "add" "KR.池妍秀" "jiyeonsoo" "cafe.daum.net" 
Sat Nov 13 02:37:29 2010: urlrule_database "add" "KR.池妍秀" "70" "hankyung.com" 
Sat Nov 13 02:39:58 2010: urlrule_database "add" "KR.张恩贞" "queenJ" "cafe.daum.net" 
Sat Nov 13 02:40:19 2010: urlrule_database "add" "KR.张恩贞" "장은정" "google.search.image" 
Sat Nov 13 02:47:29 2010: urlrule_database "add" "KR.张恩贞" "66" "hankyung.com" 
Sat Nov 13 03:09:36 2010: urlrule_database "add" "KR.张恩贞" "22" "car.mt.co.kr" 
Sat Nov 13 03:24:36 2010: urlrule_database "add" "朴秀景" "39" "car.mt.co.kr" 
Sat Nov 13 03:26:07 2010: urlrule_database "add" "KR.池妍秀" "23" "car.mt.co.kr" 
Sat Nov 13 03:30:48 2010: urlrule_database "add" "KR.韩彩衣" "韩彩衣 한채이" "google.search.image" 
Sat Nov 13 03:31:55 2010: urlrule_database "add" "KR.韩彩衣" "38" "car.mt.co.kr" 
Sat Nov 13 03:32:32 2010: urlrule_database "add" "KR.韩彩衣" "chaei" "cafe.daum.net" 
Sat Nov 13 03:36:25 2010: urlrule_database "query" "/.*韩.*/" 
Sat Nov 13 03:37:08 2010: urlrule_database "add" "KR.韩佳恩" "韩佳恩 한가은" "google.search.image" 
Sat Nov 13 03:37:52 2010: urlrule_database "add" "KR.韩佳恩" "angelJA" "cafe.daum.net" 
Sat Nov 13 03:39:15 2010: urlrule_database "query" "/.*南.*/" 
Sat Nov 13 03:39:41 2010: urlrule_database "add" "南贞淑" "31" "car.mt.co.kr" 
Sat Nov 13 03:48:24 2010: urlrule_database "add" "KR.朴贤善" "朴贤善 박현선" "google.search.image" 
Sat Nov 13 03:48:44 2010: urlrule_database "add" "KR.朴贤善" "dazzlehyunsun" "cafe.daum.net" 
Sat Nov 13 04:01:09 2010: urlrule_database "add" "艾琦qike" "55120347" "my.poco.cn" 
Sat Nov 13 04:01:54 2010: urlrule_database "add" "艾琦qike" "56279310" "mm.taobao.com" 
Sat Nov 13 04:04:42 2010: urlrule_database "add" "艾琦qike" "qiwenkaya" "moko.cc" 
Sat Nov 13 04:14:05 2010: urlrule_database "add" "艾琦qike" "qiwenkaya" "t.sina.com.cn" 
Sat Nov 13 04:15:19 2010: urlrule_database "add" "艾琦qike" "qiwenkaya" "renren.com" 
Sat Nov 13 04:35:46 2010: urlrule_database "add" "KR.金诗苑" "김시원" "google.search.image" 
Sat Nov 13 04:35:56 2010: urlrule_database "add" "KR.金诗苑" "lovelyMK" "cafe.daum.net" 
Sat Nov 13 22:36:00 2010: urlrule_database "plain" 
Sat Nov 13 22:36:58 2010: urlrule_database "plain" 
Sat Nov 13 22:56:22 2010: urlrule_database 
Sat Nov 13 23:07:54 2010: urlrule_database "KR.林智慧" "58" "hankyung.com" 
Sat Nov 13 23:08:00 2010: urlrule_database "add" "KR.林智慧" "58" "hankyung.com" 
Sat Nov 13 23:08:07 2010: urlrule_database "query" "KR.林智慧" 
Sat Nov 13 23:26:05 2010: urlrule_database "姜唯伊" 
Sat Nov 13 23:26:10 2010: urlrule_database "query" "姜唯伊" 
Sat Nov 13 23:26:24 2010: urlrule_database "delete" "姜唯伊" 
Sat Nov 13 23:26:27 2010: urlrule_database "query" "姜唯伊" 
Sat Nov 13 23:26:46 2010: urlrule_database "add" "KR.姜唯伊" "3" "hankyung.com" 
Sat Nov 13 23:26:55 2010: urlrule_database "add" "KR.姜唯伊" "kangyui" "cafe.daum.net" 
Sun Nov 14 01:16:40 2010: urlrule_database "plain" "DATABASE.URL.PLAIN" 
Sun Nov 14 02:57:34 2010: urlrule_database "add" "尹蓁晞" "尹蓁晞 尹曉蓁" "#names" 
Sun Nov 14 02:58:25 2010: urlrule_database "add" "尹蓁晞" "尹蓁晞 尹曉蓁" "#names" 
Sun Nov 14 02:58:45 2010: urlrule_database "add" "尹蓁晞" "尹蓁晞 尹曉蓁" "#names" 
Sun Nov 14 04:39:22 2010: urlrule_database "add" "尹蓁晞" "尹蓁晞 尹曉蓁" "#names" 
Sun Nov 14 04:41:31 2010: urlrule_database "add" "尹蓁晞" "tokyo007/YumiWan" "fotop.net" 
Sun Nov 14 04:58:07 2010: urlrule_database "add" "尹蓁晞" "kenstanley/Yumi_Wan" "fotop.net" 
Sun Nov 14 23:55:26 2010: urlrule_database "delete" "尹蓁晞" "fotop.net" 
Sun Nov 14 23:55:41 2010: urlrule_database "delete" "尹蓁晞" "fotop.net" "/.+/" 
Sun Nov 14 23:56:00 2010: urlrule_database "delete" "尹蓁晞,/.+/,fotop.net" 
Sun Nov 14 23:56:24 2010: urlrule_database "add" "尹蓁晞" "/kenstanley/Yumi_Wan" "fotop.net" 
Sun Nov 14 23:56:38 2010: urlrule_database "add" "尹蓁晞" "/tokyo007/YumiWan" "fotop.net" 
Mon Nov 15 00:01:11 2010: urlrule_database "add" "尹蓁晞" "/terrysham/Yumiwan" "fotop.net" 
Mon Nov 15 00:02:18 2010: urlrule_database "add" "尹蓁晞" "/golfer/Yumi_Wan" "fotop.net" 
Mon Nov 15 00:10:46 2010: urlrule_database "add" "尹蓁晞" "/terrysham/Yumiwandir" "fotop.net" 
Mon Nov 15 00:11:16 2010: urlrule_database "query" "尹蓁晞" "/terrysham/Yumiwandir" "fotop.net" 
Mon Nov 15 00:11:36 2010: urlrule_database "delete" "尹蓁晞" "kenstanley/Yumi_Wan" 
Mon Nov 15 00:11:43 2010: urlrule_database "query" "尹蓁晞" 
Mon Nov 15 00:11:56 2010: urlrule_database "delete" "尹蓁晞" "tokyo007/YumiWan" 
Mon Nov 15 00:11:58 2010: urlrule_database "query" "尹蓁晞" 
Mon Nov 15 00:12:36 2010: urlrule_database "add" "尹蓁晞" "/samwu/yumi" "fotop.net" 
Mon Nov 15 00:13:04 2010: urlrule_database "add" "尹蓁晞" "/yumiyumi123" "fotop.net" 
Mon Nov 15 00:13:06 2010: urlrule_database "query" "尹蓁晞" 
Mon Nov 15 00:13:52 2010: urlrule_database "delete" "尹蓁晞" "/terrysham/Yumiwan" 
Mon Nov 15 00:13:58 2010: urlrule_database "query" "尹蓁晞" 
Mon Nov 15 00:28:35 2010: urlrule_database "add" "尹蓁晞" "/plcleung/plcleung21" "fotop.net" 
Mon Nov 15 00:29:02 2010: urlrule_database "add" "尹蓁晞" "/plcleung/plcleung13" "fotop.net" 
Mon Nov 15 03:30:01 2010: urlrule_database "add" "李健玲" "/golfer/Stephanie_Lee" "fotop.net" 
Mon Nov 15 03:57:47 2010: urlrule_database "add" "李健玲" "/Henryko/Stephanie" "fotop.net" 
Mon Nov 15 04:00:40 2010: urlrule_database "add" "李健玲" "/alanma/Stephanie_Lee" "fotop.net" 
Mon Nov 15 04:02:44 2010: urlrule_database "add" "李健玲" "/rhino/Stephanie_Lee" "fotop.net" 
Mon Nov 15 04:08:23 2010: urlrule_database "add" "李健玲" "/cch816/stephanie061226" "fotop.net" 
Mon Nov 15 04:08:53 2010: urlrule_database "add" "李健玲" "/kenstanley/Stephanie" "fotop.net" 
Mon Nov 15 04:10:36 2010: urlrule_database "add" "李健玲" "/hotspur/Stephanie" "fotop.net" 
Mon Nov 15 04:11:01 2010: urlrule_database "add" "李健玲" "/Adelai/Stephanie_L_Corner" "fotop.net" 
Mon Nov 15 23:00:30 2010: urlrule_database "delete" "KR.池妍秀" "jiyeonsoo" "cafe.daum.net" 
Mon Nov 15 23:00:35 2010: urlrule_database "add" "KR.池妍秀" "jiyeonsoo" "cafe.daum.net" 
Tue Nov 16 00:26:53 2010: urlrule_database "delete" "KR.池妍秀" "jiyeonsoo" "cafe.daum.net" 
Tue Nov 16 00:26:58 2010: urlrule_database "add" "KR.池妍秀" "jiyeonsoo" "cafe.daum.net" 
Tue Nov 16 03:59:14 2010: urlrule_database "add" "陳雅絲" "陳雅絲 catchan" "google.search.image.xxlarge" 
Tue Nov 16 03:59:24 2010: urlrule_database "add" "陳雅絲" "catchan" "moko.cc" 
Tue Nov 16 03:59:43 2010: urlrule_database "add" "陳雅絲" "catchanhk" "t.sina.com.cn" 
Tue Nov 16 04:04:01 2010: urlrule_database "add" "陳雅絲" "/gipsymua/85" "fotop.net" 
Tue Nov 16 04:10:24 2010: urlrule_database "add" "陳雅絲" "/Fati-G/Cat_Chan" "fotop.net" 
Tue Nov 16 04:14:44 2010: urlrule_database "query" "陳雅絲" 
Tue Nov 16 04:16:42 2010: urlrule_database "add" "陳雅絲" "/samwu/cat" "fotop.net" 
Tue Nov 16 04:17:08 2010: urlrule_database "add" "陳雅絲" "/alanma/Cat_Chan_Portraits" "fotop.net" 
Tue Nov 16 04:17:22 2010: urlrule_database "add" "陳雅絲" "/tommychan/cat" "fotop.net" 
Tue Nov 16 04:17:33 2010: urlrule_database "add" "陳雅絲" "/Adelai/Cat_Cat_Corner" "fotop.net" 
Tue Nov 16 04:17:43 2010: urlrule_database "add" "陳雅絲" "/daviolchu/Cat_Chan" "fotop.net" 
Tue Nov 16 04:17:54 2010: urlrule_database "add" "陳雅絲" "/golfer/Cat" "fotop.net" 
Tue Nov 16 04:18:05 2010: urlrule_database "add" "陳雅絲" "/kenstanley/Cat_" "fotop.net" 
Tue Nov 16 04:21:20 2010: urlrule_database "add" "常萌" "cindymm" "moko.cc" 
Tue Nov 16 04:22:25 2010: urlrule_database "add" "常萌" "17307" "5show.com" 
Tue Nov 16 04:25:46 2010: urlrule_database "add" "@鲨威" "shawei" "moko.cc" 
Tue Nov 16 04:30:19 2010: urlrule_database "add" "黃瑩" "/samwu/cake" "fotop.net" 
Tue Nov 16 04:32:23 2010: urlrule_database "add" "黃瑩" "/kkleung/CakeWong" "fotop.net" 
Tue Nov 16 04:32:33 2010: urlrule_database "add" "黃瑩" "/darkseed/CakeWong" "fotop.net" 
Tue Nov 16 04:32:45 2010: urlrule_database "add" "黃瑩" "/Amber/CakeWong" "fotop.net" 
Wed Nov 17 00:20:25 2010: urlrule_database "add" "陈静" "265:264" "hotcute.cn" 
Wed Nov 17 00:20:29 2010: urlrule_database "query" "陈静" "265:264" "hotcute.cn" 
Wed Nov 17 00:20:58 2010: urlrule_database "query" "陈静" "dadachan" "moko.cc" 
Wed Nov 17 00:21:17 2010: urlrule_database "query" "陈静" "chanching" "moko.cc" 
Wed Nov 17 00:21:35 2010: urlrule_database "add" "陈静" "dadachan" "moko.cc" 
Wed Nov 17 00:21:46 2010: urlrule_database "add" "陈静" "chanching" "t.sina.com.cn" 
Wed Nov 17 00:34:54 2010: urlrule_database "add" "陈静" "192" "album.redflava.com" 
Wed Nov 17 01:28:12 2010: urlrule_database "add" "@3qq" "3qq" "user.sharepic.net" 
Wed Nov 17 02:53:46 2010: urlrule_database "add" "陳雅絲" "804491" "gallery.sharepic.net" 
Wed Nov 17 02:56:38 2010: urlrule_database "delete" "@3qq" "3qq" "user.sharepic.net" 
Wed Nov 17 02:56:42 2010: urlrule_database "delete" "@3qq" "3qq" 
Wed Nov 17 02:56:52 2010: urlrule_database "add" "@3qq" "3qq" "user.shareapic.net" 
Wed Nov 17 03:00:46 2010: urlrule_database "add" "@noname" "362765" "gallery.shareapic.net" 
Wed Nov 17 03:13:05 2010: urlrule_database "readd" "KR.尹善熙" "7pinksun" "cafe.daum.net" 
Wed Nov 17 03:14:41 2010: urlrule_database "readd" "KR.尹善熙" "7pinksun" "cafe.daum.net" 
Wed Nov 17 18:46:27 2010: urlrule_database "plain" "DATABASE.URL" 
Wed Nov 17 18:48:18 2010: urlrule_database "plain" 
Wed Nov 17 18:48:23 2010: urlrule_database "plain" 
Wed Nov 17 20:20:03 2010: urlrule_database 
Wed Nov 17 20:32:05 2010: urlrule_database 
Wed Nov 17 20:32:29 2010: urlrule_database "query" "尹惠熙" 
Wed Nov 17 20:32:40 2010: urlrule_database "query" "KR.尹惠熙" 
Wed Nov 17 20:33:01 2010: urlrule_database "query" "KR.黄诗奈" 
Wed Nov 17 20:33:15 2010: urlrule_database "query" "KR.尹善熙" 
Wed Nov 17 20:33:26 2010: urlrule_database "query" "KR/.+/" 
Wed Nov 17 20:33:33 2010: urlrule_database "query" "/KR.+/" 
Wed Nov 17 20:35:01 2010: urlrule_database "query" "艾琦qike" 
Wed Nov 17 20:36:24 2010: urlrule_database "query" "KR.姜唯伊" 
Wed Nov 17 20:36:41 2010: urlrule_database "query" "尹蓁" 
Wed Nov 17 20:36:47 2010: urlrule_database "query" "/尹蓁/" 
Wed Nov 17 20:37:24 2010: urlrule_database "query" "李健玲" 
Wed Nov 17 20:38:26 2010: urlrule_database "add" "李健玲" "/golfer/Stephanie_Lee" "fotop.net" 
Wed Nov 17 20:38:26 2010: urlrule_database "add" "李健玲" "/Henryko/Stephanie" "fotop.net" 
Wed Nov 17 20:38:26 2010: urlrule_database "add" "李健玲" "/alanma/Stephanie_Lee" "fotop.net" 
Wed Nov 17 20:38:27 2010: urlrule_database "add" "李健玲" "/rhino/Stephanie_Lee" "fotop.net" 
Wed Nov 17 20:38:27 2010: urlrule_database "add" "李健玲" "/cch816/stephanie061226" "fotop.net" 
Wed Nov 17 20:38:27 2010: urlrule_database "add" "李健玲" "/kenstanley/Stephanie" "fotop.net" 
Wed Nov 17 20:38:28 2010: urlrule_database "add" "李健玲" "/hotspur/Stephanie" "fotop.net" 
Wed Nov 17 20:38:28 2010: urlrule_database "add" "李健玲" "/Adelai/Stephanie_L_Corner" "fotop.net" 
Wed Nov 17 20:38:39 2010: urlrule_database "query" "陳雅絲" 
Wed Nov 17 20:39:27 2010: urlrule_database "add" "陳雅絲" "/gipsymua/85" "fotop.net" 
Wed Nov 17 20:39:28 2010: urlrule_database "add" "陳雅絲" "/Fati-G/Cat_Chan" "fotop.net" 
Wed Nov 17 20:39:28 2010: urlrule_database "query" "陳雅絲" 
Wed Nov 17 20:39:28 2010: urlrule_database "add" "陳雅絲" "/samwu/cat" "fotop.net" 
Wed Nov 17 20:39:28 2010: urlrule_database "add" "陳雅絲" "/alanma/Cat_Chan_Portraits" "fotop.net" 
Wed Nov 17 20:39:29 2010: urlrule_database "add" "陳雅絲" "/tommychan/cat" "fotop.net" 
Wed Nov 17 20:39:29 2010: urlrule_database "add" "陳雅絲" "/Adelai/Cat_Cat_Corner" "fotop.net" 
Wed Nov 17 20:39:29 2010: urlrule_database "add" "陳雅絲" "/daviolchu/Cat_Chan" "fotop.net" 
Wed Nov 17 20:39:30 2010: urlrule_database "add" "陳雅絲" "/golfer/Cat" "fotop.net" 
Wed Nov 17 20:39:30 2010: urlrule_database "add" "陳雅絲" "/kenstanley/Cat_" "fotop.net" 
Wed Nov 17 20:39:47 2010: urlrule_database "query" "常" 
Wed Nov 17 20:39:52 2010: urlrule_database "query" "常萌" 
Wed Nov 17 20:41:10 2010: urlrule_database "add" "常萌" "cindymm" "moko.cc" 
Wed Nov 17 20:41:11 2010: urlrule_database "add" "常萌" "17307" "5show.com" 
Wed Nov 17 20:41:11 2010: urlrule_database "add" "@鲨威" "shawei" "moko.cc" 
Wed Nov 17 20:41:11 2010: urlrule_database "add" "黃瑩" "/samwu/cake" "fotop.net" 
Wed Nov 17 20:41:11 2010: urlrule_database "add" "黃瑩" "/kkleung/CakeWong" "fotop.net" 
Wed Nov 17 20:41:12 2010: urlrule_database "add" "黃瑩" "/darkseed/CakeWong" "fotop.net" 
Wed Nov 17 20:41:12 2010: urlrule_database "add" "黃瑩" "/Amber/CakeWong" "fotop.net" 
Wed Nov 17 20:41:12 2010: urlrule_database "add" "陈静" "265:264" "hotcute.cn" 
Wed Nov 17 20:41:13 2010: urlrule_database "add" "陈静" "dadachan" "moko.cc" 
Wed Nov 17 20:41:13 2010: urlrule_database "add" "陈静" "chanching" "t.sina.com.cn" 
Wed Nov 17 20:41:13 2010: urlrule_database "add" "陈静" "192" "album.redflava.com" 
Wed Nov 17 20:41:14 2010: urlrule_database "add" "@3qq" "3qq" "user.sharepic.net" 
Wed Nov 17 20:41:14 2010: urlrule_database "add" "陳雅絲" "804491" "gallery.sharepic.net" 
Wed Nov 17 20:41:14 2010: urlrule_database "delete" "@3qq" "3qq" "user.sharepic.net" 
Wed Nov 17 20:41:15 2010: urlrule_database "delete" "@3qq" "3qq" 
Wed Nov 17 20:41:15 2010: urlrule_database "add" "@3qq" "3qq" "user.shareapic.net" 
Wed Nov 17 20:41:15 2010: urlrule_database "add" "@noname" "362765" "gallery.shareapic.net" 
Wed Nov 17 20:41:15 2010: urlrule_database "readd" "KR.尹善熙" "7pinksun" "cafe.daum.net" 
Sun Nov 21 00:29:29 2010: urlrule_database "query" "黄馥琳" "/.+/" 
Sun Nov 21 00:29:34 2010: urlrule_database "query" "黄馥琳,/.+/" 
Sun Nov 21 00:29:39 2010: urlrule_database "query" "黄馥琳,/.*/" 
Sun Nov 21 00:29:41 2010: urlrule_database "query" "黄馥琳" 
Sun Nov 21 00:30:53 2010: urlrule_database "query" "黄馥琳" 
Sun Nov 21 00:30:58 2010: urlrule_database "query" "黄馥琳" "/.+/" 
Sun Nov 21 00:31:41 2010: urlrule_database "query" "" "/.+/" 
Sun Nov 21 00:32:15 2010: urlrule_database "query" "黄馥琳" "/.+/" 
Sat Nov 27 01:29:02 2010: urlrule_database "add" "KR.金裕莲" "金裕莲 김유연" "google.search.image" 
Sat Nov 27 01:29:46 2010: urlrule_database "add" "KR.金裕莲" "10" "hankyung.com" 
Sat Nov 27 01:30:10 2010: urlrule_database "add" "KR.金裕莲" "FAN4U" "cafe.daum.net" 
Sat Nov 27 01:54:57 2010: urlrule_database "add" "KR.昊兰" "昊兰 호란" "google.search.image" 
Sat Nov 27 01:56:53 2010: urlrule_database "add" "KR.박하니" "박하니" "google.search.image" 
Sat Nov 27 02:09:30 2010: urlrule_database "query" "KR.方恩英" 
Sat Nov 27 02:09:39 2010: urlrule_database "add" "KR.方恩英" "21" "hankyung.com" 
Sat Nov 27 02:10:09 2010: urlrule_database "add" "KR.方恩英" "방은영 方恩英" "google.search.image" 
Sat Nov 27 02:10:25 2010: urlrule_database "add" "KR.方恩英" "cuteangelbang" "cafe.daum.net" 
Sat Nov 27 02:17:41 2010: urlrule_database "add" "KR.方恩英" "hot-korean-girls-gallery?album=135&gallery=135" "7koreangirls.cn" 
Sat Nov 27 02:17:51 2010: urlrule_database "query" "KR.方恩英" "hot-korean-girls-gallery?album=135&gallery=135" "7koreangirls.cn" 
Sat Nov 27 02:21:16 2010: urlrule_database "KR.李智友" "models/south-korean-stunning-e-cup-race-queen-lee-ji-woo.html" "7koreangirls.cn" 
Sat Nov 27 02:21:20 2010: urlrule_database "add" "KR.李智友" "models/south-korean-stunning-e-cup-race-queen-lee-ji-woo.html" "7koreangirls.cn" 
Sat Nov 27 02:22:25 2010: urlrule_database "add" "KR.黄美姬" "models/south-korean-sexy-top-race-queen-hwang-mi-hee.html" "7koreangirls.cn" 
Sat Nov 27 02:25:45 2010: urlrule_database "add" "KR.李波妮" "李芭妮 李波妮 이파니" "google.search.image" 
Sat Nov 27 02:26:14 2010: urlrule_database "add" "KR.李波妮" "epani" "cafe.daum.net" 
Sat Nov 27 02:32:46 2010: urlrule_database "add" "KR.韩彩英" "한채영 韩彩英" "google.search.image" 
Sat Nov 27 02:34:04 2010: urlrule_database "add" "KR.韩彩英" "Lovechaeyoung" "cafe.daum.net" 
Sat Nov 27 02:41:43 2010: urlrule_database "add" "KR.韩彩英" "actress/korea-stunning-actress-stunning-rachel-han-chae-young.html" "7koreangirls.cn" 
Sat Nov 27 03:04:43 2010: urlrule_database "add" "KR.郑智嫒" "郑智媛 정지원" "google.search.image" 
Sat Nov 27 03:04:58 2010: urlrule_database "add" "KR.郑智嫒" "1004modeljiwon" "cafe.daum.net" 
Sat Nov 27 03:16:22 2010: urlrule_database "add" "晨诗怡" "1874512010" "t.sina.com.cn" 
Sat Nov 27 03:17:15 2010: urlrule_database "add" "晨诗怡" "晨诗怡" "google.search.image" 
Sat Nov 27 03:17:56 2010: urlrule_database "陈静" 
Sat Nov 27 03:17:59 2010: urlrule_database "query" "陈静" 
Sat Nov 27 03:18:14 2010: urlrule_database "query" "陈静" 
Sat Nov 27 03:23:29 2010: urlrule_database "query" "陈静" 
Sat Nov 27 03:23:47 2010: urlrule_database "readd" "KR.金裕莲" "金裕莲 김유연" "google.search.image" 
Sat Nov 27 03:23:47 2010: urlrule_database "readd" "KR.金裕莲" "10" "hankyung.com" 
Sat Nov 27 03:23:47 2010: urlrule_database "readd" "KR.金裕莲" "FAN4U" "cafe.daum.net" 
Sat Nov 27 03:23:48 2010: urlrule_database "readd" "KR.昊兰" "昊兰 호란" "google.search.image" 
Sat Nov 27 03:23:48 2010: urlrule_database "readd" "KR.박하니" "박하니" "google.search.image" 
Sat Nov 27 03:23:48 2010: urlrule_database "readd" "KR.方恩英" "21" "hankyung.com" 
Sat Nov 27 03:23:49 2010: urlrule_database "readd" "KR.方恩英" "방은영 方恩英" "google.search.image" 
Sat Nov 27 03:23:49 2010: urlrule_database "readd" "KR.方恩英" "cuteangelbang" "cafe.daum.net" 
Sat Nov 27 03:23:49 2010: urlrule_database "readd" "KR.方恩英" "hot-korean-girls-gallery?album=135&gallery=135" "7koreangirls.cn" 
Sat Nov 27 03:23:49 2010: urlrule_database "readd" "KR.李智友" "models/south-korean-stunning-e-cup-race-queen-lee-ji-woo.html" "7koreangirls.cn" 
Sat Nov 27 03:23:50 2010: urlrule_database "readd" "KR.黄美姬" "models/south-korean-sexy-top-race-queen-hwang-mi-hee.html" "7koreangirls.cn" 
Sat Nov 27 03:23:50 2010: urlrule_database "readd" "KR.李波妮" "李芭妮 李波妮 이파니" "google.search.image" 
Sat Nov 27 03:24:10 2010: urlrule_database "readd" "KR.金裕莲" "金裕莲 김유연" "google.search.image" 
Sat Nov 27 03:24:10 2010: urlrule_database "readd" "KR.金裕莲" "10" "hankyung.com" 
Sat Nov 27 03:24:10 2010: urlrule_database "readd" "KR.金裕莲" "FAN4U" "cafe.daum.net" 
Sat Nov 27 03:24:11 2010: urlrule_database "readd" "KR.昊兰" "昊兰 호란" "google.search.image" 
Sat Nov 27 03:24:11 2010: urlrule_database "readd" "KR.박하니" "박하니" "google.search.image" 
Sat Nov 27 03:24:11 2010: urlrule_database "readd" "KR.方恩英" "21" "hankyung.com" 
Sat Nov 27 03:24:11 2010: urlrule_database "readd" "KR.方恩英" "방은영 方恩英" "google.search.image" 
Sat Nov 27 03:24:12 2010: urlrule_database "readd" "KR.方恩英" "cuteangelbang" "cafe.daum.net" 
Sat Nov 27 03:24:12 2010: urlrule_database "readd" "KR.方恩英" "hot-korean-girls-gallery?album=135&gallery=135" "7koreangirls.cn" 
Sat Nov 27 03:24:12 2010: urlrule_database "readd" "KR.李智友" "models/south-korean-stunning-e-cup-race-queen-lee-ji-woo.html" "7koreangirls.cn" 
Sat Nov 27 03:24:13 2010: urlrule_database "readd" "KR.黄美姬" "models/south-korean-sexy-top-race-queen-hwang-mi-hee.html" "7koreangirls.cn" 
Sat Nov 27 03:24:13 2010: urlrule_database "readd" "KR.李波妮" "李芭妮 李波妮 이파니" "google.search.image" 
Sat Nov 27 03:24:13 2010: urlrule_database "readd" "KR.李波妮" "epani" "cafe.daum.net" 
Sat Nov 27 03:24:13 2010: urlrule_database "readd" "KR.韩彩英" "한채영 韩彩英" "google.search.image" 
Sat Nov 27 03:24:14 2010: urlrule_database "readd" "KR.韩彩英" "Lovechaeyoung" "cafe.daum.net" 
Sat Nov 27 03:24:14 2010: urlrule_database "readd" "KR.韩彩英" "actress/korea-stunning-actress-stunning-rachel-han-chae-young.html" "7koreangirls.cn" 
Sat Nov 27 03:24:14 2010: urlrule_database "readd" "KR.郑智嫒" "郑智媛 정지원" "google.search.image" 
Sat Nov 27 03:24:15 2010: urlrule_database "readd" "KR.郑智嫒" "1004modeljiwon" "cafe.daum.net" 
Sat Nov 27 03:24:15 2010: urlrule_database "readd" "晨诗怡" "1874512010" "t.sina.com.cn" 
Sat Nov 27 03:24:15 2010: urlrule_database "readd" "晨诗怡" "晨诗怡" "google.search.image" 
Sat Nov 27 03:27:10 2010: urlrule_database "readd" "KR.金裕莲" "金裕莲 김유연" "google.search.image" 
Sat Nov 27 03:27:10 2010: urlrule_database "readd" "KR.金裕莲" "10" "hankyung.com" 
Sat Nov 27 03:27:10 2010: urlrule_database "readd" "KR.金裕莲" "FAN4U" "cafe.daum.net" 
Sat Nov 27 03:27:11 2010: urlrule_database "readd" "KR.昊兰" "昊兰 호란" "google.search.image" 
Sat Nov 27 03:27:11 2010: urlrule_database "readd" "KR.박하니" "박하니" "google.search.image" 
Sat Nov 27 03:27:11 2010: urlrule_database "readd" "KR.方恩英" "21" "hankyung.com" 
Sat Nov 27 03:27:12 2010: urlrule_database "readd" "KR.方恩英" "방은영 方恩英" "google.search.image" 
Sat Nov 27 03:27:12 2010: urlrule_database "readd" "KR.方恩英" "cuteangelbang" "cafe.daum.net" 
Sat Nov 27 03:32:33 2010: urlrule_database "readd" "KR.金裕莲" "金裕莲 김유연" "google.search.image" 
Sat Nov 27 03:32:33 2010: urlrule_database "delete" "KR.金裕莲" "金裕莲 김유연" "google.search.image" 
Sat Nov 27 03:32:34 2010: urlrule_database "add" "KR.金裕莲" "金裕莲 김유연" "google.search.image" 
Sat Nov 27 03:32:34 2010: urlrule_database "readd" "KR.金裕莲" "10" "hankyung.com" 
Sat Nov 27 03:32:34 2010: urlrule_database "delete" "KR.金裕莲" "10" "hankyung.com" 
Sat Nov 27 03:32:34 2010: urlrule_database "add" "KR.金裕莲" "10" "hankyung.com" 
Sat Nov 27 03:32:35 2010: urlrule_database "readd" "KR.金裕莲" "FAN4U" "cafe.daum.net" 
Sat Nov 27 03:32:35 2010: urlrule_database "delete" "KR.金裕莲" "FAN4U" "cafe.daum.net" 
Sat Nov 27 03:32:35 2010: urlrule_database "add" "KR.金裕莲" "FAN4U" "cafe.daum.net" 
Sat Nov 27 03:32:35 2010: urlrule_database "readd" "KR.昊兰" "昊兰 호란" "google.search.image" 
Sat Nov 27 03:32:35 2010: urlrule_database "delete" "KR.昊兰" "昊兰 호란" "google.search.image" 
Sat Nov 27 03:32:35 2010: urlrule_database "add" "KR.昊兰" "昊兰 호란" "google.search.image" 
Sat Nov 27 03:32:36 2010: urlrule_database "readd" "KR.박하니" "박하니" "google.search.image" 
Sat Nov 27 03:32:36 2010: urlrule_database "delete" "KR.박하니" "박하니" "google.search.image" 
Sat Nov 27 03:32:36 2010: urlrule_database "add" "KR.박하니" "박하니" "google.search.image" 
Sat Nov 27 03:32:36 2010: urlrule_database "readd" "KR.方恩英" "21" "hankyung.com" 
Sat Nov 27 03:32:36 2010: urlrule_database "delete" "KR.方恩英" "21" "hankyung.com" 
Sat Nov 27 03:32:37 2010: urlrule_database "add" "KR.方恩英" "21" "hankyung.com" 
Sat Nov 27 03:32:37 2010: urlrule_database "readd" "KR.方恩英" "방은영 方恩英" "google.search.image" 
Sat Nov 27 03:32:37 2010: urlrule_database "delete" "KR.方恩英" "방은영 方恩英" "google.search.image" 
Sat Nov 27 03:32:37 2010: urlrule_database "add" "KR.方恩英" "방은영 方恩英" "google.search.image" 
Sat Nov 27 03:32:38 2010: urlrule_database "readd" "KR.方恩英" "cuteangelbang" "cafe.daum.net" 
Sat Nov 27 03:32:38 2010: urlrule_database "delete" "KR.方恩英" "cuteangelbang" "cafe.daum.net" 
Sat Nov 27 03:32:38 2010: urlrule_database "add" "KR.方恩英" "cuteangelbang" "cafe.daum.net" 
Sat Nov 27 03:32:38 2010: urlrule_database "readd" "KR.方恩英" "hot-korean-girls-gallery?album=135&gallery=135" "7koreangirls.cn" 
Sat Nov 27 03:32:38 2010: urlrule_database "delete" "KR.方恩英" "hot-korean-girls-gallery?album=135&gallery=135" "7koreangirls.cn" 
Sat Nov 27 03:32:39 2010: urlrule_database "add" "KR.方恩英" "hot-korean-girls-gallery?album=135&gallery=135" "7koreangirls.cn" 
Sat Nov 27 03:32:39 2010: urlrule_database "readd" "KR.李智友" "models/south-korean-stunning-e-cup-race-queen-lee-ji-woo.html" "7koreangirls.cn" 
Sat Nov 27 03:32:39 2010: urlrule_database "delete" "KR.李智友" "models/south-korean-stunning-e-cup-race-queen-lee-ji-woo.html" "7koreangirls.cn" 
Sat Nov 27 03:32:39 2010: urlrule_database "add" "KR.李智友" "models/south-korean-stunning-e-cup-race-queen-lee-ji-woo.html" "7koreangirls.cn" 
Sat Nov 27 03:32:40 2010: urlrule_database "readd" "KR.黄美姬" "models/south-korean-sexy-top-race-queen-hwang-mi-hee.html" "7koreangirls.cn" 
Sat Nov 27 03:32:40 2010: urlrule_database "delete" "KR.黄美姬" "models/south-korean-sexy-top-race-queen-hwang-mi-hee.html" "7koreangirls.cn" 
Sat Nov 27 03:32:40 2010: urlrule_database "add" "KR.黄美姬" "models/south-korean-sexy-top-race-queen-hwang-mi-hee.html" "7koreangirls.cn" 
Sat Nov 27 03:32:40 2010: urlrule_database "readd" "KR.李波妮" "李芭妮 李波妮 이파니" "google.search.image" 
Sat Nov 27 03:32:40 2010: urlrule_database "delete" "KR.李波妮" "李芭妮 李波妮 이파니" "google.search.image" 
Sat Nov 27 03:32:40 2010: urlrule_database "add" "KR.李波妮" "李芭妮 李波妮 이파니" "google.search.image" 
Sat Nov 27 03:32:41 2010: urlrule_database "readd" "KR.李波妮" "epani" "cafe.daum.net" 
Sat Nov 27 03:32:41 2010: urlrule_database "delete" "KR.李波妮" "epani" "cafe.daum.net" 
Sat Nov 27 03:32:41 2010: urlrule_database "add" "KR.李波妮" "epani" "cafe.daum.net" 
Sat Nov 27 03:32:41 2010: urlrule_database "readd" "KR.韩彩英" "한채영 韩彩英" "google.search.image" 
Sat Nov 27 03:32:41 2010: urlrule_database "delete" "KR.韩彩英" "한채영 韩彩英" "google.search.image" 
Sat Nov 27 03:32:42 2010: urlrule_database "add" "KR.韩彩英" "한채영 韩彩英" "google.search.image" 
Sat Nov 27 03:32:42 2010: urlrule_database "readd" "KR.韩彩英" "Lovechaeyoung" "cafe.daum.net" 
Sat Nov 27 03:32:42 2010: urlrule_database "delete" "KR.韩彩英" "Lovechaeyoung" "cafe.daum.net" 
Sat Nov 27 03:32:42 2010: urlrule_database "add" "KR.韩彩英" "Lovechaeyoung" "cafe.daum.net" 
Sat Nov 27 03:32:43 2010: urlrule_database "readd" "KR.韩彩英" "actress/korea-stunning-actress-stunning-rachel-han-chae-young.html" "7koreangirls.cn" 
Sat Nov 27 03:32:43 2010: urlrule_database "delete" "KR.韩彩英" "actress/korea-stunning-actress-stunning-rachel-han-chae-young.html" "7koreangirls.cn" 
Sat Nov 27 03:32:43 2010: urlrule_database "add" "KR.韩彩英" "actress/korea-stunning-actress-stunning-rachel-han-chae-young.html" "7koreangirls.cn" 
Sat Nov 27 03:32:43 2010: urlrule_database "readd" "KR.郑智嫒" "郑智媛 정지원" "google.search.image" 
Sat Nov 27 03:32:43 2010: urlrule_database "delete" "KR.郑智嫒" "郑智媛 정지원" "google.search.image" 
Sat Nov 27 03:32:44 2010: urlrule_database "add" "KR.郑智嫒" "郑智媛 정지원" "google.search.image" 
Sat Nov 27 03:32:44 2010: urlrule_database "readd" "KR.郑智嫒" "1004modeljiwon" "cafe.daum.net" 
Sat Nov 27 03:32:44 2010: urlrule_database "delete" "KR.郑智嫒" "1004modeljiwon" "cafe.daum.net" 
Sat Nov 27 03:32:44 2010: urlrule_database "add" "KR.郑智嫒" "1004modeljiwon" "cafe.daum.net" 
Sat Nov 27 03:32:45 2010: urlrule_database "readd" "晨诗怡" "1874512010" "t.sina.com.cn" 
Sat Nov 27 03:32:45 2010: urlrule_database "delete" "晨诗怡" "1874512010" "t.sina.com.cn" 
Sat Nov 27 03:32:45 2010: urlrule_database "add" "晨诗怡" "1874512010" "t.sina.com.cn" 
Sat Nov 27 03:32:45 2010: urlrule_database "readd" "晨诗怡" "晨诗怡" "google.search.image" 
Sat Nov 27 03:32:45 2010: urlrule_database "delete" "晨诗怡" "晨诗怡" "google.search.image" 
Sat Nov 27 03:32:45 2010: urlrule_database "add" "晨诗怡" "晨诗怡" "google.search.image" 
Sat Nov 27 22:53:26 2010: urlrule_database "query" "陈静" 
Sat Nov 27 23:11:14 2010: urlrule_database "add" "陈静" "/dcchung/dcchung591" "fotop.net" 
Sat Nov 27 23:11:14 2010: urlrule_database "add" "陈静" "/darkseed/DaDaChan" "fotop.net" 
Sat Nov 27 23:11:14 2010: urlrule_database "add" "陈静" "/nichestudio/dada_chan" "fotop.net" 
Sat Nov 27 23:11:15 2010: urlrule_database "add" "陈静" "/alanma/Dada_Chan_Portraits" "fotop.net" 
Sat Nov 27 23:11:15 2010: urlrule_database "add" "陈静" "/tommytcw/dadachan0408" "fotop.net" 
Sat Nov 27 23:11:15 2010: urlrule_database "add" "陈静" "/laipeter93/laipeter93911" "fotop.net" 
Sat Nov 27 23:11:16 2010: urlrule_database "add" "陈静" "/Alex537/ModelDaDaChan" "fotop.net" 
Sat Nov 27 23:11:16 2010: urlrule_database "add" "陈静" "/smartwah/Dada_Chan" "fotop.net" 
Sat Nov 27 23:11:16 2010: urlrule_database "add" "陈静" "/dadachan" "fotop.net" 
Sat Nov 27 23:11:17 2010: urlrule_database "add" "陈静" "/royc/Dada_Chan" "fotop.net" 
Sat Nov 27 23:11:17 2010: urlrule_database "add" "陈静" "/samwu/dadachan" "fotop.net" 
Sat Nov 27 23:11:17 2010: urlrule_database "add" "陈静" "/fddy/Da_Da_Chan" "fotop.net" 
Sat Nov 27 23:29:13 2010: urlrule_database "add" "陈静" "/williamng/Dada_Chan" "fotop.net" 
Sat Nov 27 23:29:13 2010: urlrule_database "add" "陈静" "/denny/dadachan" "fotop.net" 
Sat Nov 27 23:29:13 2010: urlrule_database "add" "陈静" "/vlky/dadachan" "fotop.net" 
Sat Nov 27 23:29:14 2010: urlrule_database "add" "陈静" "/rickyshu/DADA" "fotop.net" 
Sat Nov 27 23:29:14 2010: urlrule_database "add" "陈静" "/alanma/Da_Da" "fotop.net" 
Sat Nov 27 23:29:14 2010: urlrule_database "add" "陈静" "/donnylo/dada131107" "fotop.net" 
Sat Nov 27 23:29:15 2010: urlrule_database "add" "陈静" "/roger0101/DaDaChan" "fotop.net" 
Sat Nov 27 23:29:15 2010: urlrule_database "add" "陈静" "/terrysham/Dadachandir" "fotop.net" 
Sat Nov 27 23:29:15 2010: urlrule_database "add" "陈静" "/yushin/dadachan" "fotop.net" 
Sat Nov 27 23:29:16 2010: urlrule_database "add" "陈静" "/Johnathan/dadachan" "fotop.net" 
Sat Nov 27 23:42:02 2010: urlrule_database "add" "KR.闵多蕙" "闵多蕙 민다흰" "google.search.image" 
Sat Nov 27 23:43:30 2010: urlrule_database "add" "KR.闵多蕙" "112" "hankyung.com" 
Sat Nov 27 23:43:50 2010: urlrule_database "add" "KR.闵多蕙" "10" "carnmodel.com" 
Sat Nov 27 23:44:06 2010: urlrule_database "add" "KR.闵多蕙" "alsekgmls" "cafe.daum.net" 
Sat Nov 27 23:55:25 2010: urlrule_database "add" "KR.申善雅" "申善雅 신선아" "google.search.image" 
Sat Nov 27 23:56:00 2010: urlrule_database "add" "KR.申善雅" "32" "car.mt.co.kr" 
Sat Nov 27 23:56:17 2010: urlrule_database "add" "KR.申善雅" "fox22" "cafe.daum.net" 
Sun Nov 28 03:34:12 2010: urlrule_database "add" "KR.崔之香" "崔之香 최지향" "google.search.image" 
Sun Nov 28 03:34:12 2010: urlrule_database "add" "KR.崔之香" "jihyanglove" "cafe.daum.net" 
Sun Nov 28 03:34:12 2010: urlrule_database "add" "KR.李秀贞" "李秀贞 이수정" "google.search.image" 
Sun Nov 28 03:34:13 2010: urlrule_database "add" "KR.李秀贞" "poiu9222" "me2day.net" 
Sun Nov 28 03:34:13 2010: urlrule_database "add" "KR.李秀净" "李秀净 이수정" 
Sun Nov 28 03:34:13 2010: urlrule_database "add" "KR.李秀净" "lee-soojeong" "cafe.daum.net" 
Sun Nov 28 03:34:14 2010: urlrule_database "add" "KR.李秀真" "李秀真 이수진" "google.search.image" 
Sun Nov 28 03:34:14 2010: urlrule_database "add" "KR.李秀真" "64" "hankyung.com" 
Sun Nov 28 03:34:14 2010: urlrule_database "add" "KR.李秀真" "queensoojin" "cafe.daum.net" 
Sun Nov 28 03:34:15 2010: urlrule_database "add" "KR.李秀真" "sj200485" "cyworld.com" 
Mon Nov 29 00:34:38 2010: urlrule_database "add" "KR.林智慧" "feeljihye" "cyworld.com" 
Mon Nov 29 00:56:07 2010: urlrule_database "add" "KR.林智慧" "image" "imjihye.com" 
Mon Nov 29 00:56:12 2010: urlrule_database "query" "KR.林智慧" "image" "imjihye.com" 
Mon Nov 29 02:08:16 2010: urlrule_database "add" "KR.李智友" "hmh.5d6d.com/forum-17-1.html:scripting.auto:autofreedom:image|attachment" "bbs.discuz" 
Mon Nov 29 02:31:31 2010: urlrule_database "add" "KR.黄美姬" "hmh.5d6d.com/forum-3-1.html:scripting.auto:autofreedom:image|attachment" "bbs.discuz" 
Mon Nov 29 02:31:31 2010: urlrule_database "add" "KR.黄美姬" "hmh.5d6d.com/forum-11-1.html:scripting.auto:autofreedom:image|attachment" "bbs.discuz" 
Mon Nov 29 02:31:32 2010: urlrule_database "add" "KR.林智慧" "hmh.5d6d.com/forum-18-1.html:scripting.auto:autofreedom:image|attachment" "bbs.discuz" 
Mon Nov 29 02:31:32 2010: urlrule_database "add" "@MISC" "hmh.5d6d.com/forum-24-1.html:scripting.auto:autofreedom:image|attachment" "bbs.discuz" 
Mon Nov 29 02:31:32 2010: urlrule_database "add" "@MISC" "hmh.5d6d.com/forum-25-1.html:scripting.auto:autofreedom:image|attachment" "bbs.discuz" 
Mon Nov 29 02:36:05 2010: urlrule_database "readd" "KR.金裕莲" "FAN4U" "cafe.daum.net" 
Mon Nov 29 02:36:05 2010: urlrule_database "delete" "KR.金裕莲" "FAN4U" "cafe.daum.net" 
Mon Nov 29 02:36:06 2010: urlrule_database "add" "KR.金裕莲" "FAN4U" "cafe.daum.net" 
Mon Nov 29 02:49:25 2010: urlrule_database "add" "KR.黄美姬" "sexy_hee" "cyworld.com" 
Mon Nov 29 02:49:36 2010: urlrule_database "KR.黄美姬" 
Tue Nov 30 01:15:29 2010: urlrule_database "add" "KR.全艺熙" "全艺熙 전예희" "google.search.image" 
Tue Nov 30 01:15:29 2010: urlrule_database "add" "KR.全艺熙" "yehee0210" "cyworld.com" 
Tue Nov 30 01:15:30 2010: urlrule_database "add" "KR.全艺熙" "21" "car.mt.co.kr" 
Tue Nov 30 01:15:30 2010: urlrule_database "add" "KR.全艺熙" "24" "hankyung.com" 
Tue Nov 30 01:15:31 2010: urlrule_database "add" "KR.全艺熙" "love2yhe" "cafe.daum.net" 
Tue Nov 30 01:15:31 2010: urlrule_database "add" "KR.黄英儿" "97" "hankyuna.com" 
Tue Nov 30 01:15:31 2010: urlrule_database "add" "KR.黄英儿" "sweetyoungA" "cafe.daum.net" 
Tue Nov 30 01:15:32 2010: urlrule_database "add" "KR.黄英儿" "黄英儿 황영아" 
Tue Nov 30 02:15:39 2010: urlrule_database "add" "KR.申在喜" "신재희 申在喜" "google.search.image" 
Tue Nov 30 02:15:39 2010: urlrule_database "add" "KR.申在喜" "43" "hankyung.com" 
Tue Nov 30 02:15:39 2010: urlrule_database "add" "KR.申在喜" "jaehee85" "cyworld.com" 
Tue Nov 30 02:15:40 2010: urlrule_database "add" "KR.赵相嘻" "no1csh" "cafe.daum.net" 
Tue Nov 30 02:15:40 2010: urlrule_database "add" "KR.赵相嘻" "chosanghee" "cyworld.com" 
Tue Nov 30 02:15:40 2010: urlrule_database "add" "KR.赵相嘻" "69" "hankyung.com" 
Tue Nov 30 02:15:41 2010: urlrule_database "add" "KR.赵相嘻" "조상히 赵相嘻" 
Tue Nov 30 02:15:41 2010: urlrule_database "add" "宫小萌" "gongxiaomeng319" "photo.blog.sina.com.cn" 
Tue Nov 30 02:15:41 2010: urlrule_database "add" "丁梦瑶" "yoyoding1989" "t.sina.com.cn" 
Tue Nov 30 02:15:42 2010: urlrule_database "add" "丁梦瑶" "yoyoding" "moko.cc" 
Tue Nov 30 02:15:42 2010: urlrule_database "add" "@NEWGIRL" "ouyangzigexx" "photo.blog.sina.com.cn" 
Tue Nov 30 02:15:43 2010: urlrule_database "add" "刘艺蕾" "rikiyo" "moko.cc" 
Tue Nov 30 02:15:43 2010: urlrule_database "add" "刘艺蕾" "aurora114" "photo.blog.163.com" 
Tue Nov 30 02:15:43 2010: urlrule_database "add" 
Tue Nov 30 02:19:27 2010: urlrule_database "delete" "newly" 
